2019-12-10 15:28:36,983 WARN  [SoapUI] Missing folder [C:\Users\RomaSharma\Desktop\Project Week1\my-app1\ext] for external libraries
2019-12-10 15:28:37,269 INFO  [DefaultSoapUICore] initialized soapui-settings from [C:\Users\RomaSharma\soapui-settings.xml]
2019-12-10 15:28:39,993 INFO  [PluginManager] Adding plugin from [C:\Users\RomaSharma\.soapuios\plugins\ready-mqtt-plugin-dist.jar]
2019-12-10 15:28:39,994 INFO  [PluginManager] Adding plugin from [C:\Users\RomaSharma\.soapuios\plugins\soapui-swagger-plugin-2.2-dist.jar]
2019-12-10 15:28:41,262 ERROR [SoapUI] An error occurred [com.eviware.soapui.plugins.auto.factories.AutoImportMethodFactory], see error log for details
2019-12-10 15:28:41,270 ERROR [errorlog] java.lang.ClassNotFoundException: com.eviware.soapui.plugins.auto.factories.AutoImportMethodFactory
java.lang.ClassNotFoundException: com.eviware.soapui.plugins.auto.factories.AutoImportMethodFactory
	at org.codehaus.plexus.classworlds.strategy.SelfFirstStrategy.loadClass(SelfFirstStrategy.java:50)
	at org.codehaus.plexus.classworlds.realm.ClassRealm.unsynchronizedLoadClass(ClassRealm.java:271)
	at org.codehaus.plexus.classworlds.realm.ClassRealm.loadClass(ClassRealm.java:247)
	at org.codehaus.plexus.classworlds.realm.ClassRealm.loadClass(ClassRealm.java:239)
	at java.lang.Class.forName0(Native Method)
	at java.lang.Class.forName(Class.java:264)
	at com.eviware.soapui.plugins.LoaderBase.loadAutoFactories(LoaderBase.java:113)
	at com.eviware.soapui.plugins.LoaderBase.loadFactories(LoaderBase.java:80)
	at com.eviware.soapui.plugins.PluginLoader.loadPluginFactories(PluginLoader.java:141)
	at com.eviware.soapui.plugins.PluginLoader.loadPlugin(PluginLoader.java:104)
	at com.eviware.soapui.plugins.PluginLoader.loadPlugin(PluginLoader.java:54)
	at com.eviware.soapui.plugins.PluginManager.doInstallPlugin(PluginManager.java:141)
	at com.eviware.soapui.plugins.PluginManager.access$600(PluginManager.java:43)
	at com.eviware.soapui.plugins.PluginManager$LoadPluginsTask.computeSequentially(PluginManager.java:420)
	at com.eviware.soapui.plugins.PluginManager$LoadPluginsTask.compute(PluginManager.java:377)
	at com.eviware.soapui.plugins.PluginManager$LoadPluginsTask.compute(PluginManager.java:382)
	at com.eviware.soapui.plugins.PluginManager$LoadPluginsTask.compute(PluginManager.java:365)
	at java.util.concurrent.RecursiveTask.exec(RecursiveTask.java:94)
	at java.util.concurrent.ForkJoinTask.doExec(ForkJoinTask.java:289)
	at java.util.concurrent.ForkJoinPool$WorkQueue.runTask(ForkJoinPool.java:1056)
	at java.util.concurrent.ForkJoinPool.runWorker(ForkJoinPool.java:1692)
	at java.util.concurrent.ForkJoinWorkerThread.run(ForkJoinWorkerThread.java:157)
2019-12-10 15:28:41,592 ERROR [SoapUI] An error occurred [com.eviware.soapui.plugins.auto.factories.AutoDiscoveryMethodFactory], see error log for details
2019-12-10 15:28:41,595 ERROR [errorlog] java.lang.ClassNotFoundException: com.eviware.soapui.plugins.auto.factories.AutoDiscoveryMethodFactory
java.lang.ClassNotFoundException: com.eviware.soapui.plugins.auto.factories.AutoDiscoveryMethodFactory
	at org.codehaus.plexus.classworlds.strategy.SelfFirstStrategy.loadClass(SelfFirstStrategy.java:50)
	at org.codehaus.plexus.classworlds.realm.ClassRealm.unsynchronizedLoadClass(ClassRealm.java:271)
	at org.codehaus.plexus.classworlds.realm.ClassRealm.loadClass(ClassRealm.java:247)
	at org.codehaus.plexus.classworlds.realm.ClassRealm.loadClass(ClassRealm.java:239)
	at java.lang.Class.forName0(Native Method)
	at java.lang.Class.forName(Class.java:264)
	at com.eviware.soapui.plugins.LoaderBase.loadAutoFactories(LoaderBase.java:113)
	at com.eviware.soapui.plugins.LoaderBase.loadFactories(LoaderBase.java:80)
	at com.eviware.soapui.plugins.PluginLoader.loadPluginFactories(PluginLoader.java:141)
	at com.eviware.soapui.plugins.PluginLoader.loadPlugin(PluginLoader.java:104)
	at com.eviware.soapui.plugins.PluginLoader.loadPlugin(PluginLoader.java:54)
	at com.eviware.soapui.plugins.PluginManager.doInstallPlugin(PluginManager.java:141)
	at com.eviware.soapui.plugins.PluginManager.access$600(PluginManager.java:43)
	at com.eviware.soapui.plugins.PluginManager$LoadPluginsTask.computeSequentially(PluginManager.java:420)
	at com.eviware.soapui.plugins.PluginManager$LoadPluginsTask.compute(PluginManager.java:377)
	at com.eviware.soapui.plugins.PluginManager$LoadPluginsTask.compute(PluginManager.java:382)
	at com.eviware.soapui.plugins.PluginManager$LoadPluginsTask.compute(PluginManager.java:365)
	at java.util.concurrent.RecursiveTask.exec(RecursiveTask.java:94)
	at java.util.concurrent.ForkJoinTask.doExec(ForkJoinTask.java:289)
	at java.util.concurrent.ForkJoinPool$WorkQueue.runTask(ForkJoinPool.java:1056)
	at java.util.concurrent.ForkJoinPool.runWorker(ForkJoinPool.java:1692)
	at java.util.concurrent.ForkJoinWorkerThread.run(ForkJoinWorkerThread.java:157)
2019-12-10 15:28:41,873 INFO  [PluginManager] Adding plugin from [C:\Users\RomaSharma\.soapuios\plugins\ready-uxm-plugin-1.0.1-dist.jar]
2019-12-10 15:28:42,079 ERROR [SoapUI] An error occurred [com.eviware.soapui.plugins.auto.factories.AutoImportMethodFactory], see error log for details
2019-12-10 15:28:42,080 ERROR [errorlog] java.lang.ClassNotFoundException: com.eviware.soapui.plugins.auto.factories.AutoImportMethodFactory
java.lang.ClassNotFoundException: com.eviware.soapui.plugins.auto.factories.AutoImportMethodFactory
	at org.codehaus.plexus.classworlds.strategy.SelfFirstStrategy.loadClass(SelfFirstStrategy.java:50)
	at org.codehaus.plexus.classworlds.realm.ClassRealm.unsynchronizedLoadClass(ClassRealm.java:271)
	at org.codehaus.plexus.classworlds.realm.ClassRealm.loadClass(ClassRealm.java:247)
	at org.codehaus.plexus.classworlds.realm.ClassRealm.loadClass(ClassRealm.java:239)
	at java.lang.Class.forName0(Native Method)
	at java.lang.Class.forName(Class.java:264)
	at com.eviware.soapui.plugins.LoaderBase.loadAutoFactories(LoaderBase.java:113)
	at com.eviware.soapui.plugins.LoaderBase.loadFactories(LoaderBase.java:80)
	at com.eviware.soapui.plugins.PluginLoader.loadPluginFactories(PluginLoader.java:141)
	at com.eviware.soapui.plugins.PluginLoader.loadPlugin(PluginLoader.java:104)
	at com.eviware.soapui.plugins.PluginLoader.loadPlugin(PluginLoader.java:54)
	at com.eviware.soapui.plugins.PluginManager.doInstallPlugin(PluginManager.java:141)
	at com.eviware.soapui.plugins.PluginManager.access$600(PluginManager.java:43)
	at com.eviware.soapui.plugins.PluginManager$LoadPluginsTask.computeSequentially(PluginManager.java:420)
	at com.eviware.soapui.plugins.PluginManager$LoadPluginsTask.compute(PluginManager.java:377)
	at com.eviware.soapui.plugins.PluginManager$LoadPluginsTask.compute(PluginManager.java:365)
	at java.util.concurrent.RecursiveTask.exec(RecursiveTask.java:94)
	at java.util.concurrent.ForkJoinTask.doExec(ForkJoinTask.java:289)
	at java.util.concurrent.ForkJoinPool$WorkQueue.runTask(ForkJoinPool.java:1056)
	at java.util.concurrent.ForkJoinPool.runWorker(ForkJoinPool.java:1692)
	at java.util.concurrent.ForkJoinWorkerThread.run(ForkJoinWorkerThread.java:157)
2019-12-10 15:28:42,248 ERROR [SoapUI] An error occurred [com.eviware.soapui.plugins.auto.factories.AutoDiscoveryMethodFactory], see error log for details
2019-12-10 15:28:42,249 ERROR [errorlog] java.lang.ClassNotFoundException: com.eviware.soapui.plugins.auto.factories.AutoDiscoveryMethodFactory
java.lang.ClassNotFoundException: com.eviware.soapui.plugins.auto.factories.AutoDiscoveryMethodFactory
	at org.codehaus.plexus.classworlds.strategy.SelfFirstStrategy.loadClass(SelfFirstStrategy.java:50)
	at org.codehaus.plexus.classworlds.realm.ClassRealm.unsynchronizedLoadClass(ClassRealm.java:271)
	at org.codehaus.plexus.classworlds.realm.ClassRealm.loadClass(ClassRealm.java:247)
	at org.codehaus.plexus.classworlds.realm.ClassRealm.loadClass(ClassRealm.java:239)
	at java.lang.Class.forName0(Native Method)
	at java.lang.Class.forName(Class.java:264)
	at com.eviware.soapui.plugins.LoaderBase.loadAutoFactories(LoaderBase.java:113)
	at com.eviware.soapui.plugins.LoaderBase.loadFactories(LoaderBase.java:80)
	at com.eviware.soapui.plugins.PluginLoader.loadPluginFactories(PluginLoader.java:141)
	at com.eviware.soapui.plugins.PluginLoader.loadPlugin(PluginLoader.java:104)
	at com.eviware.soapui.plugins.PluginLoader.loadPlugin(PluginLoader.java:54)
	at com.eviware.soapui.plugins.PluginManager.doInstallPlugin(PluginManager.java:141)
	at com.eviware.soapui.plugins.PluginManager.access$600(PluginManager.java:43)
	at com.eviware.soapui.plugins.PluginManager$LoadPluginsTask.computeSequentially(PluginManager.java:420)
	at com.eviware.soapui.plugins.PluginManager$LoadPluginsTask.compute(PluginManager.java:377)
	at com.eviware.soapui.plugins.PluginManager$LoadPluginsTask.compute(PluginManager.java:365)
	at java.util.concurrent.RecursiveTask.exec(RecursiveTask.java:94)
	at java.util.concurrent.ForkJoinTask.doExec(ForkJoinTask.java:289)
	at java.util.concurrent.ForkJoinPool$WorkQueue.runTask(ForkJoinPool.java:1056)
	at java.util.concurrent.ForkJoinPool.runWorker(ForkJoinPool.java:1692)
	at java.util.concurrent.ForkJoinWorkerThread.run(ForkJoinWorkerThread.java:157)
2019-12-10 15:28:42,441 INFO  [PluginManager] Adding plugin from [C:\Users\RomaSharma\.soapuios\plugins\readyapi-postman-1.0.1.jar]
2019-12-10 15:28:43,083 ERROR [SoapUI] An error occurred [com.eviware.soapui.plugins.auto.factories.AutoImportMethodFactory], see error log for details
2019-12-10 15:28:43,085 ERROR [errorlog] java.lang.ClassNotFoundException: com.eviware.soapui.plugins.auto.factories.AutoImportMethodFactory
java.lang.ClassNotFoundException: com.eviware.soapui.plugins.auto.factories.AutoImportMethodFactory
	at org.codehaus.plexus.classworlds.strategy.SelfFirstStrategy.loadClass(SelfFirstStrategy.java:50)
	at org.codehaus.plexus.classworlds.realm.ClassRealm.unsynchronizedLoadClass(ClassRealm.java:271)
	at org.codehaus.plexus.classworlds.realm.ClassRealm.loadClass(ClassRealm.java:247)
	at org.codehaus.plexus.classworlds.realm.ClassRealm.loadClass(ClassRealm.java:239)
	at java.lang.Class.forName0(Native Method)
	at java.lang.Class.forName(Class.java:264)
	at com.eviware.soapui.plugins.LoaderBase.loadAutoFactories(LoaderBase.java:113)
	at com.eviware.soapui.plugins.LoaderBase.loadFactories(LoaderBase.java:80)
	at com.eviware.soapui.plugins.PluginLoader.loadPluginFactories(PluginLoader.java:141)
	at com.eviware.soapui.plugins.PluginLoader.loadPlugin(PluginLoader.java:104)
	at com.eviware.soapui.plugins.PluginLoader.loadPlugin(PluginLoader.java:54)
	at com.eviware.soapui.plugins.PluginManager.doInstallPlugin(PluginManager.java:141)
	at com.eviware.soapui.plugins.PluginManager.access$600(PluginManager.java:43)
	at com.eviware.soapui.plugins.PluginManager$LoadPluginsTask.computeSequentially(PluginManager.java:420)
	at com.eviware.soapui.plugins.PluginManager$LoadPluginsTask.compute(PluginManager.java:377)
	at com.eviware.soapui.plugins.PluginManager$LoadPluginsTask.compute(PluginManager.java:382)
	at com.eviware.soapui.plugins.PluginManager$LoadPluginsTask.compute(PluginManager.java:365)
	at java.util.concurrent.RecursiveTask.exec(RecursiveTask.java:94)
	at java.util.concurrent.ForkJoinTask.doExec(ForkJoinTask.java:289)
	at java.util.concurrent.ForkJoinPool$WorkQueue.runTask(ForkJoinPool.java:1056)
	at java.util.concurrent.ForkJoinPool.runWorker(ForkJoinPool.java:1692)
	at java.util.concurrent.ForkJoinWorkerThread.run(ForkJoinWorkerThread.java:157)
2019-12-10 15:28:43,239 ERROR [SoapUI] An error occurred [com.eviware.soapui.plugins.auto.factories.AutoDiscoveryMethodFactory], see error log for details
2019-12-10 15:28:43,240 ERROR [errorlog] java.lang.ClassNotFoundException: com.eviware.soapui.plugins.auto.factories.AutoDiscoveryMethodFactory
java.lang.ClassNotFoundException: com.eviware.soapui.plugins.auto.factories.AutoDiscoveryMethodFactory
	at org.codehaus.plexus.classworlds.strategy.SelfFirstStrategy.loadClass(SelfFirstStrategy.java:50)
	at org.codehaus.plexus.classworlds.realm.ClassRealm.unsynchronizedLoadClass(ClassRealm.java:271)
	at org.codehaus.plexus.classworlds.realm.ClassRealm.loadClass(ClassRealm.java:247)
	at org.codehaus.plexus.classworlds.realm.ClassRealm.loadClass(ClassRealm.java:239)
	at java.lang.Class.forName0(Native Method)
	at java.lang.Class.forName(Class.java:264)
	at com.eviware.soapui.plugins.LoaderBase.loadAutoFactories(LoaderBase.java:113)
	at com.eviware.soapui.plugins.LoaderBase.loadFactories(LoaderBase.java:80)
	at com.eviware.soapui.plugins.PluginLoader.loadPluginFactories(PluginLoader.java:141)
	at com.eviware.soapui.plugins.PluginLoader.loadPlugin(PluginLoader.java:104)
	at com.eviware.soapui.plugins.PluginLoader.loadPlugin(PluginLoader.java:54)
	at com.eviware.soapui.plugins.PluginManager.doInstallPlugin(PluginManager.java:141)
	at com.eviware.soapui.plugins.PluginManager.access$600(PluginManager.java:43)
	at com.eviware.soapui.plugins.PluginManager$LoadPluginsTask.computeSequentially(PluginManager.java:420)
	at com.eviware.soapui.plugins.PluginManager$LoadPluginsTask.compute(PluginManager.java:377)
	at com.eviware.soapui.plugins.PluginManager$LoadPluginsTask.compute(PluginManager.java:382)
	at com.eviware.soapui.plugins.PluginManager$LoadPluginsTask.compute(PluginManager.java:365)
	at java.util.concurrent.RecursiveTask.exec(RecursiveTask.java:94)
	at java.util.concurrent.ForkJoinTask.doExec(ForkJoinTask.java:289)
	at java.util.concurrent.ForkJoinPool$WorkQueue.runTask(ForkJoinPool.java:1056)
	at java.util.concurrent.ForkJoinPool.runWorker(ForkJoinPool.java:1692)
	at java.util.concurrent.ForkJoinWorkerThread.run(ForkJoinWorkerThread.java:157)
2019-12-10 15:28:43,290 ERROR [SoapUI] An error occurred [com.eviware.soapui.plugins.auto.factories.AutoImportMethodFactory], see error log for details
2019-12-10 15:28:43,294 ERROR [errorlog] java.lang.ClassNotFoundException: com.eviware.soapui.plugins.auto.factories.AutoImportMethodFactory
java.lang.ClassNotFoundException: com.eviware.soapui.plugins.auto.factories.AutoImportMethodFactory
	at org.codehaus.plexus.classworlds.strategy.SelfFirstStrategy.loadClass(SelfFirstStrategy.java:50)
	at org.codehaus.plexus.classworlds.realm.ClassRealm.unsynchronizedLoadClass(ClassRealm.java:271)
	at org.codehaus.plexus.classworlds.realm.ClassRealm.loadClass(ClassRealm.java:247)
	at org.codehaus.plexus.classworlds.realm.ClassRealm.loadClass(ClassRealm.java:239)
	at java.lang.Class.forName0(Native Method)
	at java.lang.Class.forName(Class.java:264)
	at com.eviware.soapui.plugins.LoaderBase.loadAutoFactories(LoaderBase.java:113)
	at com.eviware.soapui.plugins.LoaderBase.loadFactories(LoaderBase.java:80)
	at com.eviware.soapui.plugins.PluginLoader.loadPluginFactories(PluginLoader.java:141)
	at com.eviware.soapui.plugins.PluginLoader.loadPlugin(PluginLoader.java:104)
	at com.eviware.soapui.plugins.PluginLoader.loadPlugin(PluginLoader.java:54)
	at com.eviware.soapui.plugins.PluginManager.doInstallPlugin(PluginManager.java:141)
	at com.eviware.soapui.plugins.PluginManager.access$600(PluginManager.java:43)
	at com.eviware.soapui.plugins.PluginManager$LoadPluginsTask.computeSequentially(PluginManager.java:420)
	at com.eviware.soapui.plugins.PluginManager$LoadPluginsTask.compute(PluginManager.java:377)
	at com.eviware.soapui.plugins.PluginManager$LoadPluginsTask.compute(PluginManager.java:365)
	at java.util.concurrent.RecursiveTask.exec(RecursiveTask.java:94)
	at java.util.concurrent.ForkJoinTask.doExec(ForkJoinTask.java:289)
	at java.util.concurrent.ForkJoinPool$WorkQueue.runTask(ForkJoinPool.java:1056)
	at java.util.concurrent.ForkJoinPool.runWorker(ForkJoinPool.java:1692)
	at java.util.concurrent.ForkJoinWorkerThread.run(ForkJoinWorkerThread.java:157)
2019-12-10 15:28:43,375 INFO  [PluginManager] Adding plugin from [C:\Users\RomaSharma\.soapuios\plugins\readyapi-swaggerhub-plugin-1.0.jar]
2019-12-10 15:28:43,616 ERROR [SoapUI] An error occurred [com.eviware.soapui.plugins.auto.factories.AutoDiscoveryMethodFactory], see error log for details
2019-12-10 15:28:43,618 ERROR [errorlog] java.lang.ClassNotFoundException: com.eviware.soapui.plugins.auto.factories.AutoDiscoveryMethodFactory
java.lang.ClassNotFoundException: com.eviware.soapui.plugins.auto.factories.AutoDiscoveryMethodFactory
	at org.codehaus.plexus.classworlds.strategy.SelfFirstStrategy.loadClass(SelfFirstStrategy.java:50)
	at org.codehaus.plexus.classworlds.realm.ClassRealm.unsynchronizedLoadClass(ClassRealm.java:271)
	at org.codehaus.plexus.classworlds.realm.ClassRealm.loadClass(ClassRealm.java:247)
	at org.codehaus.plexus.classworlds.realm.ClassRealm.loadClass(ClassRealm.java:239)
	at java.lang.Class.forName0(Native Method)
	at java.lang.Class.forName(Class.java:264)
	at com.eviware.soapui.plugins.LoaderBase.loadAutoFactories(LoaderBase.java:113)
	at com.eviware.soapui.plugins.LoaderBase.loadFactories(LoaderBase.java:80)
	at com.eviware.soapui.plugins.PluginLoader.loadPluginFactories(PluginLoader.java:141)
	at com.eviware.soapui.plugins.PluginLoader.loadPlugin(PluginLoader.java:104)
	at com.eviware.soapui.plugins.PluginLoader.loadPlugin(PluginLoader.java:54)
	at com.eviware.soapui.plugins.PluginManager.doInstallPlugin(PluginManager.java:141)
	at com.eviware.soapui.plugins.PluginManager.access$600(PluginManager.java:43)
	at com.eviware.soapui.plugins.PluginManager$LoadPluginsTask.computeSequentially(PluginManager.java:420)
	at com.eviware.soapui.plugins.PluginManager$LoadPluginsTask.compute(PluginManager.java:377)
	at com.eviware.soapui.plugins.PluginManager$LoadPluginsTask.compute(PluginManager.java:365)
	at java.util.concurrent.RecursiveTask.exec(RecursiveTask.java:94)
	at java.util.concurrent.ForkJoinTask.doExec(ForkJoinTask.java:289)
	at java.util.concurrent.ForkJoinPool$WorkQueue.runTask(ForkJoinPool.java:1056)
	at java.util.concurrent.ForkJoinPool.runWorker(ForkJoinPool.java:1692)
	at java.util.concurrent.ForkJoinWorkerThread.run(ForkJoinWorkerThread.java:157)
2019-12-10 15:28:44,100 ERROR [SoapUI] An error occurred [com.eviware.soapui.plugins.auto.factories.AutoImportMethodFactory], see error log for details
2019-12-10 15:28:44,101 ERROR [errorlog] java.lang.ClassNotFoundException: com.eviware.soapui.plugins.auto.factories.AutoImportMethodFactory
java.lang.ClassNotFoundException: com.eviware.soapui.plugins.auto.factories.AutoImportMethodFactory
	at org.codehaus.plexus.classworlds.strategy.SelfFirstStrategy.loadClass(SelfFirstStrategy.java:50)
	at org.codehaus.plexus.classworlds.realm.ClassRealm.unsynchronizedLoadClass(ClassRealm.java:271)
	at org.codehaus.plexus.classworlds.realm.ClassRealm.loadClass(ClassRealm.java:247)
	at org.codehaus.plexus.classworlds.realm.ClassRealm.loadClass(ClassRealm.java:239)
	at java.lang.Class.forName0(Native Method)
	at java.lang.Class.forName(Class.java:264)
	at com.eviware.soapui.plugins.LoaderBase.loadAutoFactories(LoaderBase.java:113)
	at com.eviware.soapui.plugins.LoaderBase.loadFactories(LoaderBase.java:80)
	at com.eviware.soapui.plugins.PluginLoader.loadPluginFactories(PluginLoader.java:141)
	at com.eviware.soapui.plugins.PluginLoader.loadPlugin(PluginLoader.java:104)
	at com.eviware.soapui.plugins.PluginLoader.loadPlugin(PluginLoader.java:54)
	at com.eviware.soapui.plugins.PluginManager.doInstallPlugin(PluginManager.java:141)
	at com.eviware.soapui.plugins.PluginManager.access$600(PluginManager.java:43)
	at com.eviware.soapui.plugins.PluginManager$LoadPluginsTask.computeSequentially(PluginManager.java:420)
	at com.eviware.soapui.plugins.PluginManager$LoadPluginsTask.compute(PluginManager.java:377)
	at com.eviware.soapui.plugins.PluginManager$LoadPluginsTask.compute(PluginManager.java:382)
	at com.eviware.soapui.plugins.PluginManager$LoadPluginsTask.compute(PluginManager.java:365)
	at java.util.concurrent.RecursiveTask.exec(RecursiveTask.java:94)
	at java.util.concurrent.ForkJoinTask.doExec(ForkJoinTask.java:289)
	at java.util.concurrent.ForkJoinPool$WorkQueue.runTask(ForkJoinPool.java:1056)
	at java.util.concurrent.ForkJoinPool.runWorker(ForkJoinPool.java:1692)
	at java.util.concurrent.ForkJoinWorkerThread.run(ForkJoinWorkerThread.java:157)
2019-12-10 15:28:44,216 ERROR [SoapUI] An error occurred [com.eviware.soapui.plugins.auto.factories.AutoDiscoveryMethodFactory], see error log for details
2019-12-10 15:28:44,217 ERROR [errorlog] java.lang.ClassNotFoundException: com.eviware.soapui.plugins.auto.factories.AutoDiscoveryMethodFactory
java.lang.ClassNotFoundException: com.eviware.soapui.plugins.auto.factories.AutoDiscoveryMethodFactory
	at org.codehaus.plexus.classworlds.strategy.SelfFirstStrategy.loadClass(SelfFirstStrategy.java:50)
	at org.codehaus.plexus.classworlds.realm.ClassRealm.unsynchronizedLoadClass(ClassRealm.java:271)
	at org.codehaus.plexus.classworlds.realm.ClassRealm.loadClass(ClassRealm.java:247)
	at org.codehaus.plexus.classworlds.realm.ClassRealm.loadClass(ClassRealm.java:239)
	at java.lang.Class.forName0(Native Method)
	at java.lang.Class.forName(Class.java:264)
	at com.eviware.soapui.plugins.LoaderBase.loadAutoFactories(LoaderBase.java:113)
	at com.eviware.soapui.plugins.LoaderBase.loadFactories(LoaderBase.java:80)
	at com.eviware.soapui.plugins.PluginLoader.loadPluginFactories(PluginLoader.java:141)
	at com.eviware.soapui.plugins.PluginLoader.loadPlugin(PluginLoader.java:104)
	at com.eviware.soapui.plugins.PluginLoader.loadPlugin(PluginLoader.java:54)
	at com.eviware.soapui.plugins.PluginManager.doInstallPlugin(PluginManager.java:141)
	at com.eviware.soapui.plugins.PluginManager.access$600(PluginManager.java:43)
	at com.eviware.soapui.plugins.PluginManager$LoadPluginsTask.computeSequentially(PluginManager.java:420)
	at com.eviware.soapui.plugins.PluginManager$LoadPluginsTask.compute(PluginManager.java:377)
	at com.eviware.soapui.plugins.PluginManager$LoadPluginsTask.compute(PluginManager.java:382)
	at com.eviware.soapui.plugins.PluginManager$LoadPluginsTask.compute(PluginManager.java:365)
	at java.util.concurrent.RecursiveTask.exec(RecursiveTask.java:94)
	at java.util.concurrent.ForkJoinTask.doExec(ForkJoinTask.java:289)
	at java.util.concurrent.ForkJoinPool$WorkQueue.runTask(ForkJoinPool.java:1056)
	at java.util.concurrent.ForkJoinPool.runWorker(ForkJoinPool.java:1692)
	at java.util.concurrent.ForkJoinWorkerThread.run(ForkJoinWorkerThread.java:157)
2019-12-10 15:28:44,386 INFO  [PluginManager] 5 plugins loaded in 4398 ms
2019-12-10 15:28:44,387 INFO  [DefaultSoapUICore] All plugins loaded
2019-12-10 15:28:45,875 INFO  [WsdlProject] Loaded project from [file:/C:/Users/RomaSharma/Desktop/Project%20Week1/my-app1/Asssignment-1-Product-Roma-soapui-project.xml]
2019-12-10 15:28:45,892 INFO  [SoapUITestCaseRunner] Running SoapUI tests in project [Asssignment 1_Product_Roma]
2019-12-10 15:28:45,895 INFO  [SoapUITestCaseRunner] Running Project [Asssignment 1_Product_Roma], runType = SEQUENTIAL
2019-12-10 15:28:45,918 INFO  [SoapUITestCaseRunner] Running SoapUI testcase [Partial Automated End to End Flow]
2019-12-10 15:28:45,956 INFO  [SoapUITestCaseRunner] running step [GetProductTypes]
2019-12-10 15:29:11,748 INFO  [SchemaUtils] Added default schema from file:/C:/Users/RomaSharma/.m2/repository/com/smartbear/soapui/soapui/5.5.0/soapui-5.5.0.jar!/com/eviware/soapui/resources/xsds/xop.xsd with targetNamespace http://www.w3.org/2004/08/xop/include
2019-12-10 15:29:11,828 INFO  [SchemaUtils] Added default schema from file:/C:/Users/RomaSharma/.m2/repository/com/smartbear/soapui/soapui/5.5.0/soapui-5.5.0.jar!/com/eviware/soapui/resources/xsds/XMLSchema.xsd with targetNamespace http://www.w3.org/2001/XMLSchema
2019-12-10 15:29:11,850 INFO  [SchemaUtils] Added default schema from file:/C:/Users/RomaSharma/.m2/repository/com/smartbear/soapui/soapui/5.5.0/soapui-5.5.0.jar!/com/eviware/soapui/resources/xsds/xml.xsd with targetNamespace http://www.w3.org/XML/1998/namespace
2019-12-10 15:29:11,886 INFO  [SchemaUtils] Added default schema from file:/C:/Users/RomaSharma/.m2/repository/com/smartbear/soapui/soapui/5.5.0/soapui-5.5.0.jar!/com/eviware/soapui/resources/xsds/swaref.xsd with targetNamespace http://ws-i.org/profiles/basic/1.1/xsd
2019-12-10 15:29:11,926 INFO  [SchemaUtils] Added default schema from file:/C:/Users/RomaSharma/.m2/repository/com/smartbear/soapui/soapui/5.5.0/soapui-5.5.0.jar!/com/eviware/soapui/resources/xsds/xmime200505.xsd with targetNamespace http://www.w3.org/2005/05/xmlmime
2019-12-10 15:29:11,931 INFO  [SchemaUtils] Added default schema from file:/C:/Users/RomaSharma/.m2/repository/com/smartbear/soapui/soapui/5.5.0/soapui-5.5.0.jar!/com/eviware/soapui/resources/xsds/xmime200411.xsd with targetNamespace http://www.w3.org/2004/11/xmlmime
2019-12-10 15:29:11,946 INFO  [SchemaUtils] Added default schema from file:/C:/Users/RomaSharma/.m2/repository/com/smartbear/soapui/soapui/5.5.0/soapui-5.5.0.jar!/com/eviware/soapui/resources/xsds/soapEnvelope.xsd with targetNamespace http://schemas.xmlsoap.org/soap/envelope/
2019-12-10 15:29:12,055 INFO  [SchemaUtils] Added default schema from file:/C:/Users/RomaSharma/.m2/repository/com/smartbear/soapui/soapui/5.5.0/soapui-5.5.0.jar!/com/eviware/soapui/resources/xsds/soapEncoding.xsd with targetNamespace http://schemas.xmlsoap.org/soap/encoding/
2019-12-10 15:29:12,091 INFO  [SchemaUtils] Added default schema from file:/C:/Users/RomaSharma/.m2/repository/com/smartbear/soapui/soapui/5.5.0/soapui-5.5.0.jar!/com/eviware/soapui/resources/xsds/soapEnvelope12.xsd with targetNamespace http://www.w3.org/2003/05/soap-envelope
2019-12-10 15:29:12,120 INFO  [SchemaUtils] Added default schema from file:/C:/Users/RomaSharma/.m2/repository/com/smartbear/soapui/soapui/5.5.0/soapui-5.5.0.jar!/com/eviware/soapui/resources/xsds/soapEncoding12.xsd with targetNamespace http://www.w3.org/2003/05/soap-encoding
2019-12-10 15:29:12,132 INFO  [SchemaUtils] Loading schema types from [file:/C:/Users/RomaSharma/Downloads/SOAP%20API%20WSDL%20EndPoints/SOAP%20API%20WSDL%20EndPoints/catalogProductTypeListV1.xml]
2019-12-10 15:29:12,149 INFO  [SchemaUtils] Getting schema file:/C:/Users/RomaSharma/Downloads/SOAP%20API%20WSDL%20EndPoints/SOAP%20API%20WSDL%20EndPoints/catalogProductTypeListV1.xml
2019-12-10 15:29:12,689 INFO  [SoapUITestCaseRunner] Assertion [SOAP Response] has status VALID
2019-12-10 15:29:12,692 INFO  [SoapUITestCaseRunner] Assertion [Schema Compliance] has status VALID
2019-12-10 15:29:12,705 INFO  [SoapUITestCaseRunner] running step [Groovy Script]
2019-12-10 15:29:14,016 INFO  [SoapUITestCaseRunner] running step [CreateProduct]
2019-12-10 15:29:30,271 INFO  [SchemaUtils] Loading schema types from [file:\C:\Users\RomaSharma\Downloads\SOAP%20API%20WSDL%20EndPoints\SOAP%20API%20WSDL%20EndPoints\catalogProductRepositoryV1.xml]
2019-12-10 15:29:30,275 INFO  [SchemaUtils] Getting schema file:\C:\Users\RomaSharma\Downloads\SOAP%20API%20WSDL%20EndPoints\SOAP%20API%20WSDL%20EndPoints\catalogProductRepositoryV1.xml
2019-12-10 15:29:30,580 INFO  [SoapUITestCaseRunner] Assertion [SOAP Response] has status VALID
2019-12-10 15:29:30,585 INFO  [SoapUITestCaseRunner] Assertion [Schema Compliance] has status VALID
2019-12-10 15:29:30,588 INFO  [SoapUITestCaseRunner] Assertion [Script Assertion] has status VALID
2019-12-10 15:29:30,590 INFO  [SoapUITestCaseRunner] running step [GetProduct]
2019-12-10 15:29:31,275 INFO  [SoapUITestCaseRunner] Assertion [SOAP Response] has status VALID
2019-12-10 15:29:31,279 INFO  [SoapUITestCaseRunner] running step [DeleteProduct]
2019-12-10 15:29:31,905 INFO  [SoapUITestCaseRunner] Assertion [SOAP Response] has status VALID
2019-12-10 15:29:31,911 INFO  [SoapUITestCaseRunner] running step [GetAllProduct]
2019-12-10 15:29:32,802 INFO  [SoapUITestCaseRunner] Assertion [SOAP Response] has status VALID
2019-12-10 15:29:32,822 INFO  [SoapUITestCaseRunner] Assertion [Schema Compliance] has status VALID
2019-12-10 15:29:32,827 INFO  [SoapUITestCaseRunner] Finished running SoapUI testcase [Partial Automated End to End Flow], time taken: 46776ms, status: FINISHED
2019-12-10 15:29:32,836 INFO  [SoapUITestCaseRunner] Running SoapUI testcase [Manual_End to End Flow]
2019-12-10 15:29:32,839 INFO  [SoapUITestCaseRunner] running step [AllProperties]
2019-12-10 15:29:32,849 INFO  [SoapUITestCaseRunner] running step [GetProductTypes]
2019-12-10 15:29:33,474 INFO  [SoapUITestCaseRunner] Assertion [SOAP Response] has status VALID
2019-12-10 15:29:33,478 INFO  [SoapUITestCaseRunner] running step [CreateProduct]
2019-12-10 15:29:34,934 INFO  [SoapUITestCaseRunner] Assertion [SOAP Response] has status VALID
2019-12-10 15:29:34,935 INFO  [SoapUITestCaseRunner] running step [GetProduct]
2019-12-10 15:29:35,772 INFO  [SoapUITestCaseRunner] Assertion [SOAP Response] has status VALID
2019-12-10 15:29:35,773 INFO  [SoapUITestCaseRunner] running step [GetAllProduct]
2019-12-10 15:29:36,608 INFO  [SoapUITestCaseRunner] Assertion [SOAP Response] has status VALID
2019-12-10 15:29:36,609 INFO  [SoapUITestCaseRunner] running step [DeleteProduct]
2019-12-10 15:29:37,858 INFO  [SoapUITestCaseRunner] Assertion [SOAP Response] has status VALID
2019-12-10 15:29:37,859 INFO  [SoapUITestCaseRunner] running step [GetAllProduct1]
2019-12-10 15:29:38,702 INFO  [SoapUITestCaseRunner] Assertion [SOAP Response] has status VALID
2019-12-10 15:29:38,704 INFO  [SoapUITestCaseRunner] Finished running SoapUI testcase [Manual_End to End Flow], time taken: 5837ms, status: FINISHED
2019-12-10 15:29:38,711 INFO  [SoapUITestCaseRunner] Running SoapUI testcase [Full Automate End to End Flow]
2019-12-10 15:29:38,714 INFO  [SoapUITestCaseRunner] running step [Groovy Script]
2019-12-10 15:29:38,833 INFO  [SoapUITestCaseRunner] Running SoapUI testcase [Manual_End to End Flow]
2019-12-10 15:29:38,840 INFO  [SoapUITestCaseRunner] running step [AllProperties]
2019-12-10 15:29:38,842 INFO  [SoapUITestCaseRunner] running step [GetProductTypes]
2019-12-10 15:29:39,700 INFO  [SoapUITestCaseRunner] Assertion [SOAP Response] has status VALID
2019-12-10 15:29:39,700 INFO  [SoapUITestCaseRunner] running step [CreateProduct]
2019-12-10 15:29:40,887 INFO  [SoapUITestCaseRunner] Assertion [SOAP Response] has status VALID
2019-12-10 15:29:40,887 INFO  [SoapUITestCaseRunner] running step [GetProduct]
2019-12-10 15:29:41,718 INFO  [SoapUITestCaseRunner] Assertion [SOAP Response] has status VALID
2019-12-10 15:29:41,719 INFO  [SoapUITestCaseRunner] running step [GetAllProduct]
2019-12-10 15:29:42,563 INFO  [SoapUITestCaseRunner] Assertion [SOAP Response] has status VALID
2019-12-10 15:29:42,565 INFO  [SoapUITestCaseRunner] running step [DeleteProduct]
2019-12-10 15:29:43,500 INFO  [SoapUITestCaseRunner] Assertion [SOAP Response] has status VALID
2019-12-10 15:29:43,500 INFO  [SoapUITestCaseRunner] running step [GetAllProduct1]
2019-12-10 15:29:44,447 INFO  [SoapUITestCaseRunner] Assertion [SOAP Response] has status VALID
2019-12-10 15:29:44,448 INFO  [SoapUITestCaseRunner] Finished running SoapUI testcase [Manual_End to End Flow], time taken: 5589ms, status: FINISHED
2019-12-10 15:29:44,538 INFO  [log] Status : FINISHED, time Taken for test case: 5589 ms
2019-12-10 15:29:44,604 INFO  [log] Number of test step which got executed: 7
2019-12-10 15:29:44,620 INFO  [SoapUITestCaseRunner] Finished running SoapUI testcase [Full Automate End to End Flow], time taken: 5901ms, status: FINISHED
2019-12-10 15:29:44,623 INFO  [SoapUITestCaseRunner] Project [Asssignment 1_Product_Roma] finished with status [FINISHED] in 58716ms
2019-12-10 15:31:38,430 WARN  [Tools] Could not delete temporary directory C:\Users\ROMASH~1\AppData\Local\Temp\73b6f06b-f6b9-405c-b185-94cc54024e26
2019-12-10 15:31:38,455 WARN  [Tools] Could not delete temporary directory C:\Users\ROMASH~1\AppData\Local\Temp\b2b76b20-7b0b-4b90-9c4e-be4927b7a374
